Namespace(data_dir='../data', dataset='cifar10', depth=32, drop_rate=0.0, epochs=400, epsilon=0.031, gamma=0.05, gpu='0', init_class_param=1.0, init_inst_param=1.0, learn_class_parameters=True, learn_inst_parameters=True, lr_class_param=0.1, lr_inst_param=0.1, lr_max=0.1, lr_schedule='piecewise', max_noise_rate=0.6, min_noise_rate=0.05, momentum=0.9, net='ResNet18', noise_type='clean', num_steps=10, optimizer='sgd', out_dir='./AT_NoiLIn_', rand_init=True, resume='AT_NoiLIn_ResNet18_cifar10_piecewise_eps0.031_clean_seed7/checkpoint_epoch200.pth.tar', seed=7, skip_clamp_data_param=False, step_size=0.007, tau=10, use_nat=0, wd_class_param=0.0, wd_inst_param=0.0, weight_decay=0.0005, width_factor=10)
==> Load Data
Files already downloaded and verified
Files already downloaded and verified
Files already downloaded and verified
==> Load Model
ResNet18
./AT_NoiLIn_ResNet18_cifar10_piecewise_eps0.031_clean_seed7
==> SAT-NoiLIn Resuming from checkpoint ..
AT_NoiLIn_ResNet18_cifar10_piecewise_eps0.031_clean_seed7/checkpoint_epoch200.pth.tar
Warning: skip_update_zero_grad set to True. We will zero out update to state and momentum buffer for parameters with zero gradient. 
Initialized class_parameters with: 1.0
optimizer_class_param:
SparseSGD (
Parameter Group 0
    dampening: 0
    lr: 0.1
    momentum: 0.9
    nesterov: False
    weight_decay: 0
)
Warning: skip_update_zero_grad set to True. We will zero out update to state and momentum buffer for parameters with zero gradient. 
Initialized inst_parameters with: 1.0
optimizer_inst_param:
SparseSGD (
Parameter Group 0
    dampening: 0
    lr: 0.1
    momentum: 0.9
    nesterov: False
    weight_decay: 0
)
setting parameters for standard version
/home/spacehacker/yangkun/NoiLIn/optimizer/sparse_sgd.py:82: UserWarning: This overload of add_ is deprecated:
	add_(Number alpha, Tensor other)
Consider using one of the following signatures instead:
	add_(Tensor other, *, Number alpha) (Triggered internally at  ../torch/csrc/utils/python_arg_parser.cpp:1050.)
  p.data.add_(-group['lr'], d_p)
setting parameters for standard version
Epoch: [201 | 400] | Train Time: 108.00 s | Natural Test Acc 0.7508 | PGD10 Test Acc 0.4475 | Noise Rate 0.6000 | Valid Acc 0.4467

setting parameters for standard version
setting parameters for standard version
Epoch: [202 | 400] | Train Time: 110.00 s | Natural Test Acc 0.7191 | PGD10 Test Acc 0.4449 | Noise Rate 0.6000 | Valid Acc 0.4444

setting parameters for standard version
setting parameters for standard version
Epoch: [203 | 400] | Train Time: 110.00 s | Natural Test Acc 0.7375 | PGD10 Test Acc 0.4548 | Noise Rate 0.6000 | Valid Acc 0.4544

setting parameters for standard version
setting parameters for standard version
Epoch: [204 | 400] | Train Time: 110.00 s | Natural Test Acc 0.7269 | PGD10 Test Acc 0.4528 | Noise Rate 0.6000 | Valid Acc 0.4529

setting parameters for standard version
setting parameters for standard version
Epoch: [205 | 400] | Train Time: 110.00 s | Natural Test Acc 0.7248 | PGD10 Test Acc 0.4725 | Noise Rate 0.6000 | Valid Acc 0.4727

setting parameters for standard version
setting parameters for standard version
Epoch: [206 | 400] | Train Time: 110.00 s | Natural Test Acc 0.7399 | PGD10 Test Acc 0.4719 | Noise Rate 0.6000 | Valid Acc 0.4721

setting parameters for standard version
setting parameters for standard version
Epoch: [207 | 400] | Train Time: 110.00 s | Natural Test Acc 0.7404 | PGD10 Test Acc 0.4551 | Noise Rate 0.6000 | Valid Acc 0.4554

setting parameters for standard version
setting parameters for standard version
Epoch: [208 | 400] | Train Time: 110.00 s | Natural Test Acc 0.7379 | PGD10 Test Acc 0.4640 | Noise Rate 0.6000 | Valid Acc 0.4641

setting parameters for standard version
setting parameters for standard version
Epoch: [209 | 400] | Train Time: 110.00 s | Natural Test Acc 0.7440 | PGD10 Test Acc 0.4656 | Noise Rate 0.6000 | Valid Acc 0.4662

setting parameters for standard version
setting parameters for standard version
Epoch: [210 | 400] | Train Time: 111.00 s | Natural Test Acc 0.7419 | PGD10 Test Acc 0.4707 | Noise Rate 0.6000 | Valid Acc 0.4702

setting parameters for standard version
setting parameters for standard version
Epoch: [211 | 400] | Train Time: 110.00 s | Natural Test Acc 0.7549 | PGD10 Test Acc 0.4667 | Noise Rate 0.6000 | Valid Acc 0.4674

setting parameters for standard version
setting parameters for standard version
Epoch: [212 | 400] | Train Time: 110.00 s | Natural Test Acc 0.7677 | PGD10 Test Acc 0.4683 | Noise Rate 0.6000 | Valid Acc 0.4678

setting parameters for standard version
setting parameters for standard version
Epoch: [213 | 400] | Train Time: 110.00 s | Natural Test Acc 0.7443 | PGD10 Test Acc 0.4608 | Noise Rate 0.6000 | Valid Acc 0.4595

setting parameters for standard version
setting parameters for standard version
Epoch: [214 | 400] | Train Time: 110.00 s | Natural Test Acc 0.7370 | PGD10 Test Acc 0.4637 | Noise Rate 0.6000 | Valid Acc 0.4633

setting parameters for standard version
setting parameters for standard version
Epoch: [215 | 400] | Train Time: 110.00 s | Natural Test Acc 0.7463 | PGD10 Test Acc 0.4673 | Noise Rate 0.6000 | Valid Acc 0.4683

setting parameters for standard version
setting parameters for standard version
Epoch: [216 | 400] | Train Time: 110.00 s | Natural Test Acc 0.7528 | PGD10 Test Acc 0.4603 | Noise Rate 0.6000 | Valid Acc 0.4602

setting parameters for standard version
setting parameters for standard version
Epoch: [217 | 400] | Train Time: 110.00 s | Natural Test Acc 0.7345 | PGD10 Test Acc 0.4562 | Noise Rate 0.6000 | Valid Acc 0.4566

setting parameters for standard version
setting parameters for standard version
Epoch: [218 | 400] | Train Time: 110.00 s | Natural Test Acc 0.7522 | PGD10 Test Acc 0.4700 | Noise Rate 0.6000 | Valid Acc 0.4700

setting parameters for standard version
setting parameters for standard version
Epoch: [219 | 400] | Train Time: 110.00 s | Natural Test Acc 0.7458 | PGD10 Test Acc 0.4544 | Noise Rate 0.6000 | Valid Acc 0.4539

setting parameters for standard version
setting parameters for standard version
Epoch: [220 | 400] | Train Time: 110.00 s | Natural Test Acc 0.7563 | PGD10 Test Acc 0.4543 | Noise Rate 0.6000 | Valid Acc 0.4538

setting parameters for standard version
setting parameters for standard version
Epoch: [221 | 400] | Train Time: 110.00 s | Natural Test Acc 0.7664 | PGD10 Test Acc 0.4684 | Noise Rate 0.6000 | Valid Acc 0.4678

setting parameters for standard version
setting parameters for standard version
Epoch: [222 | 400] | Train Time: 110.00 s | Natural Test Acc 0.7577 | PGD10 Test Acc 0.4735 | Noise Rate 0.6000 | Valid Acc 0.4733

setting parameters for standard version
setting parameters for standard version
Epoch: [223 | 400] | Train Time: 110.00 s | Natural Test Acc 0.7486 | PGD10 Test Acc 0.4605 | Noise Rate 0.6000 | Valid Acc 0.4606

setting parameters for standard version
setting parameters for standard version
Epoch: [224 | 400] | Train Time: 110.00 s | Natural Test Acc 0.7500 | PGD10 Test Acc 0.4673 | Noise Rate 0.6000 | Valid Acc 0.4672

setting parameters for standard version
setting parameters for standard version
Epoch: [225 | 400] | Train Time: 110.00 s | Natural Test Acc 0.7307 | PGD10 Test Acc 0.4514 | Noise Rate 0.6000 | Valid Acc 0.4530

setting parameters for standard version
setting parameters for standard version
Epoch: [226 | 400] | Train Time: 110.00 s | Natural Test Acc 0.7573 | PGD10 Test Acc 0.4708 | Noise Rate 0.6000 | Valid Acc 0.4705

setting parameters for standard version
setting parameters for standard version
Epoch: [227 | 400] | Train Time: 110.00 s | Natural Test Acc 0.7588 | PGD10 Test Acc 0.4600 | Noise Rate 0.6000 | Valid Acc 0.4603

setting parameters for standard version
setting parameters for standard version
Epoch: [228 | 400] | Train Time: 111.00 s | Natural Test Acc 0.7489 | PGD10 Test Acc 0.4586 | Noise Rate 0.6000 | Valid Acc 0.4579

setting parameters for standard version
setting parameters for standard version
Epoch: [229 | 400] | Train Time: 110.00 s | Natural Test Acc 0.7516 | PGD10 Test Acc 0.4554 | Noise Rate 0.6000 | Valid Acc 0.4551

setting parameters for standard version
setting parameters for standard version
Epoch: [230 | 400] | Train Time: 110.00 s | Natural Test Acc 0.7485 | PGD10 Test Acc 0.4608 | Noise Rate 0.6000 | Valid Acc 0.4610

setting parameters for standard version
setting parameters for standard version
Epoch: [231 | 400] | Train Time: 110.00 s | Natural Test Acc 0.7538 | PGD10 Test Acc 0.4737 | Noise Rate 0.6000 | Valid Acc 0.4742

setting parameters for standard version
setting parameters for standard version
Epoch: [232 | 400] | Train Time: 110.00 s | Natural Test Acc 0.7615 | PGD10 Test Acc 0.4607 | Noise Rate 0.6000 | Valid Acc 0.4613

setting parameters for standard version
setting parameters for standard version
Epoch: [233 | 400] | Train Time: 110.00 s | Natural Test Acc 0.7613 | PGD10 Test Acc 0.4639 | Noise Rate 0.6000 | Valid Acc 0.4640

setting parameters for standard version
setting parameters for standard version
Epoch: [234 | 400] | Train Time: 110.00 s | Natural Test Acc 0.7604 | PGD10 Test Acc 0.4569 | Noise Rate 0.6000 | Valid Acc 0.4569

setting parameters for standard version
setting parameters for standard version
Epoch: [235 | 400] | Train Time: 110.00 s | Natural Test Acc 0.7528 | PGD10 Test Acc 0.4610 | Noise Rate 0.6000 | Valid Acc 0.4621

setting parameters for standard version
setting parameters for standard version
Epoch: [236 | 400] | Train Time: 110.00 s | Natural Test Acc 0.7534 | PGD10 Test Acc 0.4672 | Noise Rate 0.6000 | Valid Acc 0.4672

setting parameters for standard version
setting parameters for standard version
Epoch: [237 | 400] | Train Time: 110.00 s | Natural Test Acc 0.7512 | PGD10 Test Acc 0.4686 | Noise Rate 0.6000 | Valid Acc 0.4672

setting parameters for standard version
setting parameters for standard version
Epoch: [238 | 400] | Train Time: 110.00 s | Natural Test Acc 0.7508 | PGD10 Test Acc 0.4703 | Noise Rate 0.6000 | Valid Acc 0.4701

setting parameters for standard version
setting parameters for standard version
Epoch: [239 | 400] | Train Time: 110.00 s | Natural Test Acc 0.7585 | PGD10 Test Acc 0.4644 | Noise Rate 0.6000 | Valid Acc 0.4644

setting parameters for standard version
setting parameters for standard version
Epoch: [240 | 400] | Train Time: 110.00 s | Natural Test Acc 0.7535 | PGD10 Test Acc 0.4560 | Noise Rate 0.6000 | Valid Acc 0.4561

setting parameters for standard version
setting parameters for standard version
Epoch: [241 | 400] | Train Time: 110.00 s | Natural Test Acc 0.7719 | PGD10 Test Acc 0.4667 | Noise Rate 0.6000 | Valid Acc 0.4671

setting parameters for standard version
setting parameters for standard version
Epoch: [242 | 400] | Train Time: 110.00 s | Natural Test Acc 0.7564 | PGD10 Test Acc 0.4572 | Noise Rate 0.6000 | Valid Acc 0.4566

setting parameters for standard version
setting parameters for standard version
Epoch: [243 | 400] | Train Time: 110.00 s | Natural Test Acc 0.7628 | PGD10 Test Acc 0.4575 | Noise Rate 0.6000 | Valid Acc 0.4572

setting parameters for standard version
setting parameters for standard version
Epoch: [244 | 400] | Train Time: 110.00 s | Natural Test Acc 0.7645 | PGD10 Test Acc 0.4539 | Noise Rate 0.6000 | Valid Acc 0.4544

setting parameters for standard version
setting parameters for standard version
Epoch: [245 | 400] | Train Time: 110.00 s | Natural Test Acc 0.7432 | PGD10 Test Acc 0.4595 | Noise Rate 0.6000 | Valid Acc 0.4594

setting parameters for standard version
setting parameters for standard version
Epoch: [246 | 400] | Train Time: 110.00 s | Natural Test Acc 0.7539 | PGD10 Test Acc 0.4750 | Noise Rate 0.6000 | Valid Acc 0.4764

setting parameters for standard version
setting parameters for standard version
Epoch: [247 | 400] | Train Time: 110.00 s | Natural Test Acc 0.7533 | PGD10 Test Acc 0.4621 | Noise Rate 0.6000 | Valid Acc 0.4626

setting parameters for standard version
setting parameters for standard version
Epoch: [248 | 400] | Train Time: 110.00 s | Natural Test Acc 0.7765 | PGD10 Test Acc 0.4695 | Noise Rate 0.6000 | Valid Acc 0.4708

setting parameters for standard version
setting parameters for standard version
Epoch: [249 | 400] | Train Time: 110.00 s | Natural Test Acc 0.7528 | PGD10 Test Acc 0.4609 | Noise Rate 0.6000 | Valid Acc 0.4598

setting parameters for standard version
setting parameters for standard version
Epoch: [250 | 400] | Train Time: 110.00 s | Natural Test Acc 0.7684 | PGD10 Test Acc 0.4661 | Noise Rate 0.6000 | Valid Acc 0.4674

