Namespace(data_dir='../data', dataset='cifar10', depth=32, drop_rate=0.0, epochs=120, epsilon=0.031, gamma=0.05, gpu='0', lr_max=0.1, lr_schedule='piecewise', max_noise_rate=0.6, min_noise_rate=0.05, momentum=0.9, net='ResNet18', noise_type='clean', num_steps=10, optimizer='sgd', out_dir='./AT_NoiLIn_', rand_init=True, resume='', seed=7, step_size=0.007, tau=10, use_nat=0, weight_decay=0.0005, width_factor=10)
==> Load Data
Files already downloaded and verified
Files already downloaded and verified
Files already downloaded and verified
==> Load Model
ResNet18
./AT_NoiLIn_ResNet18_cifar10_piecewise_eps0.031_clean_seed7
==> STA-NoiLIn
setting parameters for standard version
setting parameters for standard version
Epoch: [1 | 120] | Train Time: 108.00 s | Natural Test Acc 0.2817 | PGD10 Test Acc 0.2200 | Noise Rate 0.0500 | Valid Acc 0.2230

setting parameters for standard version
setting parameters for standard version
Epoch: [2 | 120] | Train Time: 109.00 s | Natural Test Acc 0.3643 | PGD10 Test Acc 0.2420 | Noise Rate 0.0500 | Valid Acc 0.2430

setting parameters for standard version
setting parameters for standard version
Epoch: [3 | 120] | Train Time: 109.00 s | Natural Test Acc 0.4175 | PGD10 Test Acc 0.2884 | Noise Rate 0.0500 | Valid Acc 0.2860

setting parameters for standard version
setting parameters for standard version
Epoch: [4 | 120] | Train Time: 109.00 s | Natural Test Acc 0.4366 | PGD10 Test Acc 0.2798 | Noise Rate 0.0500 | Valid Acc 0.2950

setting parameters for standard version
setting parameters for standard version
Epoch: [5 | 120] | Train Time: 109.00 s | Natural Test Acc 0.4596 | PGD10 Test Acc 0.2939 | Noise Rate 0.0500 | Valid Acc 0.3050

setting parameters for standard version
setting parameters for standard version
Epoch: [6 | 120] | Train Time: 109.00 s | Natural Test Acc 0.5140 | PGD10 Test Acc 0.3000 | Noise Rate 0.0500 | Valid Acc 0.2970

setting parameters for standard version
setting parameters for standard version
Epoch: [7 | 120] | Train Time: 109.00 s | Natural Test Acc 0.5514 | PGD10 Test Acc 0.3352 | Noise Rate 0.0500 | Valid Acc 0.3380

setting parameters for standard version
setting parameters for standard version
Epoch: [8 | 120] | Train Time: 109.00 s | Natural Test Acc 0.5413 | PGD10 Test Acc 0.3128 | Noise Rate 0.0500 | Valid Acc 0.2990

setting parameters for standard version
setting parameters for standard version
Epoch: [9 | 120] | Train Time: 109.00 s | Natural Test Acc 0.5877 | PGD10 Test Acc 0.3303 | Noise Rate 0.0500 | Valid Acc 0.3150

setting parameters for standard version
setting parameters for standard version
Epoch: [10 | 120] | Train Time: 109.00 s | Natural Test Acc 0.6029 | PGD10 Test Acc 0.3450 | Noise Rate 0.0500 | Valid Acc 0.3330

setting parameters for standard version
setting parameters for standard version
Epoch: [11 | 120] | Train Time: 109.00 s | Natural Test Acc 0.6331 | PGD10 Test Acc 0.3662 | Noise Rate 0.0500 | Valid Acc 0.3670

setting parameters for standard version
setting parameters for standard version
Epoch: [12 | 120] | Train Time: 109.00 s | Natural Test Acc 0.6532 | PGD10 Test Acc 0.3724 | Noise Rate 0.0500 | Valid Acc 0.3710

setting parameters for standard version
setting parameters for standard version
Epoch: [13 | 120] | Train Time: 109.00 s | Natural Test Acc 0.6140 | PGD10 Test Acc 0.3767 | Noise Rate 0.0500 | Valid Acc 0.3670

setting parameters for standard version
setting parameters for standard version
Epoch: [14 | 120] | Train Time: 109.00 s | Natural Test Acc 0.6126 | PGD10 Test Acc 0.3702 | Noise Rate 0.0500 | Valid Acc 0.3680

setting parameters for standard version
setting parameters for standard version
Epoch: [15 | 120] | Train Time: 109.00 s | Natural Test Acc 0.6445 | PGD10 Test Acc 0.3595 | Noise Rate 0.0500 | Valid Acc 0.3390

setting parameters for standard version
setting parameters for standard version
Epoch: [16 | 120] | Train Time: 109.00 s | Natural Test Acc 0.6751 | PGD10 Test Acc 0.3831 | Noise Rate 0.0500 | Valid Acc 0.3970

setting parameters for standard version
setting parameters for standard version
Epoch: [17 | 120] | Train Time: 109.00 s | Natural Test Acc 0.6656 | PGD10 Test Acc 0.3902 | Noise Rate 0.0500 | Valid Acc 0.3690

setting parameters for standard version
setting parameters for standard version
Epoch: [18 | 120] | Train Time: 109.00 s | Natural Test Acc 0.6689 | PGD10 Test Acc 0.3604 | Noise Rate 0.0500 | Valid Acc 0.3570

setting parameters for standard version
setting parameters for standard version
Epoch: [19 | 120] | Train Time: 109.00 s | Natural Test Acc 0.6271 | PGD10 Test Acc 0.4149 | Noise Rate 0.0500 | Valid Acc 0.4040

setting parameters for standard version
setting parameters for standard version
Epoch: [20 | 120] | Train Time: 109.00 s | Natural Test Acc 0.6637 | PGD10 Test Acc 0.3932 | Noise Rate 0.0500 | Valid Acc 0.3920

setting parameters for standard version
setting parameters for standard version
Epoch: [21 | 120] | Train Time: 108.00 s | Natural Test Acc 0.6675 | PGD10 Test Acc 0.3572 | Noise Rate 0.0525 | Valid Acc 0.3550

setting parameters for standard version
setting parameters for standard version
Epoch: [22 | 120] | Train Time: 109.00 s | Natural Test Acc 0.6834 | PGD10 Test Acc 0.4270 | Noise Rate 0.0525 | Valid Acc 0.4160

setting parameters for standard version
setting parameters for standard version
Epoch: [23 | 120] | Train Time: 108.00 s | Natural Test Acc 0.6946 | PGD10 Test Acc 0.4057 | Noise Rate 0.0525 | Valid Acc 0.4070

setting parameters for standard version
setting parameters for standard version
Epoch: [24 | 120] | Train Time: 109.00 s | Natural Test Acc 0.7200 | PGD10 Test Acc 0.4116 | Noise Rate 0.0525 | Valid Acc 0.4050

setting parameters for standard version
setting parameters for standard version
Epoch: [25 | 120] | Train Time: 109.00 s | Natural Test Acc 0.7159 | PGD10 Test Acc 0.4077 | Noise Rate 0.0525 | Valid Acc 0.4100

setting parameters for standard version
setting parameters for standard version
Epoch: [26 | 120] | Train Time: 109.00 s | Natural Test Acc 0.6912 | PGD10 Test Acc 0.4179 | Noise Rate 0.0525 | Valid Acc 0.4210

setting parameters for standard version
setting parameters for standard version
Epoch: [27 | 120] | Train Time: 109.00 s | Natural Test Acc 0.6961 | PGD10 Test Acc 0.4218 | Noise Rate 0.0525 | Valid Acc 0.4140

setting parameters for standard version
setting parameters for standard version
Epoch: [28 | 120] | Train Time: 108.00 s | Natural Test Acc 0.7233 | PGD10 Test Acc 0.4154 | Noise Rate 0.0525 | Valid Acc 0.4150

setting parameters for standard version
setting parameters for standard version
Epoch: [29 | 120] | Train Time: 108.00 s | Natural Test Acc 0.6594 | PGD10 Test Acc 0.4035 | Noise Rate 0.0551 | Valid Acc 0.3990

setting parameters for standard version
setting parameters for standard version
Epoch: [30 | 120] | Train Time: 109.00 s | Natural Test Acc 0.7054 | PGD10 Test Acc 0.4090 | Noise Rate 0.0551 | Valid Acc 0.3920

setting parameters for standard version
setting parameters for standard version
Epoch: [31 | 120] | Train Time: 109.00 s | Natural Test Acc 0.6829 | PGD10 Test Acc 0.3895 | Noise Rate 0.0551 | Valid Acc 0.3820

setting parameters for standard version
setting parameters for standard version
Epoch: [32 | 120] | Train Time: 109.00 s | Natural Test Acc 0.7296 | PGD10 Test Acc 0.4267 | Noise Rate 0.0551 | Valid Acc 0.4290

setting parameters for standard version
setting parameters for standard version
Epoch: [33 | 120] | Train Time: 109.00 s | Natural Test Acc 0.7160 | PGD10 Test Acc 0.4194 | Noise Rate 0.0551 | Valid Acc 0.4150

setting parameters for standard version
setting parameters for standard version
Epoch: [34 | 120] | Train Time: 109.00 s | Natural Test Acc 0.6959 | PGD10 Test Acc 0.4374 | Noise Rate 0.0551 | Valid Acc 0.4330

setting parameters for standard version
setting parameters for standard version
Epoch: [35 | 120] | Train Time: 109.00 s | Natural Test Acc 0.7026 | PGD10 Test Acc 0.4255 | Noise Rate 0.0551 | Valid Acc 0.4160

setting parameters for standard version
setting parameters for standard version
Epoch: [36 | 120] | Train Time: 109.00 s | Natural Test Acc 0.7067 | PGD10 Test Acc 0.4201 | Noise Rate 0.0579 | Valid Acc 0.4120

setting parameters for standard version
setting parameters for standard version
Epoch: [37 | 120] | Train Time: 108.00 s | Natural Test Acc 0.7222 | PGD10 Test Acc 0.4033 | Noise Rate 0.0608 | Valid Acc 0.4100

setting parameters for standard version
setting parameters for standard version
Epoch: [38 | 120] | Train Time: 109.00 s | Natural Test Acc 0.7264 | PGD10 Test Acc 0.4164 | Noise Rate 0.0638 | Valid Acc 0.4090

setting parameters for standard version
setting parameters for standard version
Epoch: [39 | 120] | Train Time: 109.00 s | Natural Test Acc 0.6972 | PGD10 Test Acc 0.3986 | Noise Rate 0.0670 | Valid Acc 0.3880

setting parameters for standard version
setting parameters for standard version
Epoch: [40 | 120] | Train Time: 108.00 s | Natural Test Acc 0.7089 | PGD10 Test Acc 0.4339 | Noise Rate 0.0670 | Valid Acc 0.4240

setting parameters for standard version
setting parameters for standard version
Epoch: [41 | 120] | Train Time: 108.00 s | Natural Test Acc 0.7334 | PGD10 Test Acc 0.4321 | Noise Rate 0.0670 | Valid Acc 0.4300

setting parameters for standard version
setting parameters for standard version
Epoch: [42 | 120] | Train Time: 108.00 s | Natural Test Acc 0.7283 | PGD10 Test Acc 0.4097 | Noise Rate 0.0704 | Valid Acc 0.4160

setting parameters for standard version
setting parameters for standard version
Epoch: [43 | 120] | Train Time: 108.00 s | Natural Test Acc 0.6847 | PGD10 Test Acc 0.4151 | Noise Rate 0.0739 | Valid Acc 0.4020

setting parameters for standard version
setting parameters for standard version
Epoch: [44 | 120] | Train Time: 108.00 s | Natural Test Acc 0.7391 | PGD10 Test Acc 0.4241 | Noise Rate 0.0776 | Valid Acc 0.4310

setting parameters for standard version
setting parameters for standard version
Epoch: [45 | 120] | Train Time: 109.00 s | Natural Test Acc 0.6940 | PGD10 Test Acc 0.3858 | Noise Rate 0.0814 | Valid Acc 0.3780

setting parameters for standard version
setting parameters for standard version
Epoch: [46 | 120] | Train Time: 108.00 s | Natural Test Acc 0.7256 | PGD10 Test Acc 0.4351 | Noise Rate 0.0814 | Valid Acc 0.4390

setting parameters for standard version
setting parameters for standard version
Epoch: [47 | 120] | Train Time: 109.00 s | Natural Test Acc 0.7189 | PGD10 Test Acc 0.4234 | Noise Rate 0.0855 | Valid Acc 0.3990

setting parameters for standard version
setting parameters for standard version
Epoch: [48 | 120] | Train Time: 108.00 s | Natural Test Acc 0.7351 | PGD10 Test Acc 0.4459 | Noise Rate 0.0855 | Valid Acc 0.4380

setting parameters for standard version
setting parameters for standard version
Epoch: [49 | 120] | Train Time: 108.00 s | Natural Test Acc 0.7205 | PGD10 Test Acc 0.4151 | Noise Rate 0.0855 | Valid Acc 0.4050

setting parameters for standard version
setting parameters for standard version
Epoch: [50 | 120] | Train Time: 108.00 s | Natural Test Acc 0.7419 | PGD10 Test Acc 0.4507 | Noise Rate 0.0898 | Valid Acc 0.4230

setting parameters for standard version
setting parameters for standard version
Epoch: [51 | 120] | Train Time: 108.00 s | Natural Test Acc 0.7298 | PGD10 Test Acc 0.4297 | Noise Rate 0.0943 | Valid Acc 0.4080

setting parameters for standard version
setting parameters for standard version
Epoch: [52 | 120] | Train Time: 108.00 s | Natural Test Acc 0.7030 | PGD10 Test Acc 0.4175 | Noise Rate 0.0990 | Valid Acc 0.4070

setting parameters for standard version
setting parameters for standard version
Epoch: [53 | 120] | Train Time: 109.00 s | Natural Test Acc 0.7238 | PGD10 Test Acc 0.4128 | Noise Rate 0.0990 | Valid Acc 0.4120

setting parameters for standard version
setting parameters for standard version
Epoch: [54 | 120] | Train Time: 108.00 s | Natural Test Acc 0.7406 | PGD10 Test Acc 0.4413 | Noise Rate 0.0990 | Valid Acc 0.4330

setting parameters for standard version
setting parameters for standard version
Epoch: [55 | 120] | Train Time: 108.00 s | Natural Test Acc 0.7379 | PGD10 Test Acc 0.4215 | Noise Rate 0.0990 | Valid Acc 0.4260

setting parameters for standard version
setting parameters for standard version
Epoch: [56 | 120] | Train Time: 109.00 s | Natural Test Acc 0.7239 | PGD10 Test Acc 0.4353 | Noise Rate 0.1039 | Valid Acc 0.4240

setting parameters for standard version
setting parameters for standard version
Epoch: [57 | 120] | Train Time: 108.00 s | Natural Test Acc 0.7360 | PGD10 Test Acc 0.4352 | Noise Rate 0.1039 | Valid Acc 0.4370

setting parameters for standard version
setting parameters for standard version
Epoch: [58 | 120] | Train Time: 109.00 s | Natural Test Acc 0.7328 | PGD10 Test Acc 0.4150 | Noise Rate 0.1091 | Valid Acc 0.3910

setting parameters for standard version
setting parameters for standard version
Epoch: [59 | 120] | Train Time: 108.00 s | Natural Test Acc 0.7589 | PGD10 Test Acc 0.4362 | Noise Rate 0.1091 | Valid Acc 0.4220

setting parameters for standard version
setting parameters for standard version
Epoch: [60 | 120] | Train Time: 108.00 s | Natural Test Acc 0.8041 | PGD10 Test Acc 0.5161 | Noise Rate 0.1091 | Valid Acc 0.5100

setting parameters for standard version
setting parameters for standard version
Epoch: [61 | 120] | Train Time: 108.00 s | Natural Test Acc 0.8116 | PGD10 Test Acc 0.5184 | Noise Rate 0.1091 | Valid Acc 0.5150

setting parameters for standard version
setting parameters for standard version
Epoch: [62 | 120] | Train Time: 108.00 s | Natural Test Acc 0.8245 | PGD10 Test Acc 0.5187 | Noise Rate 0.1091 | Valid Acc 0.5140

setting parameters for standard version
setting parameters for standard version
Epoch: [63 | 120] | Train Time: 108.00 s | Natural Test Acc 0.8183 | PGD10 Test Acc 0.5216 | Noise Rate 0.1091 | Valid Acc 0.5220

setting parameters for standard version
setting parameters for standard version
Epoch: [64 | 120] | Train Time: 109.00 s | Natural Test Acc 0.8248 | PGD10 Test Acc 0.5220 | Noise Rate 0.1091 | Valid Acc 0.5240

setting parameters for standard version
setting parameters for standard version
Epoch: [65 | 120] | Train Time: 108.00 s | Natural Test Acc 0.8271 | PGD10 Test Acc 0.5187 | Noise Rate 0.1091 | Valid Acc 0.5090

setting parameters for standard version
setting parameters for standard version
Epoch: [66 | 120] | Train Time: 108.00 s | Natural Test Acc 0.8219 | PGD10 Test Acc 0.5151 | Noise Rate 0.1091 | Valid Acc 0.5160

setting parameters for standard version
setting parameters for standard version
Epoch: [67 | 120] | Train Time: 109.00 s | Natural Test Acc 0.8288 | PGD10 Test Acc 0.5227 | Noise Rate 0.1091 | Valid Acc 0.5170

setting parameters for standard version
setting parameters for standard version
Epoch: [68 | 120] | Train Time: 108.00 s | Natural Test Acc 0.8302 | PGD10 Test Acc 0.5202 | Noise Rate 0.1091 | Valid Acc 0.5220

setting parameters for standard version
setting parameters for standard version
Epoch: [69 | 120] | Train Time: 108.00 s | Natural Test Acc 0.8282 | PGD10 Test Acc 0.5155 | Noise Rate 0.1091 | Valid Acc 0.5170

setting parameters for standard version
setting parameters for standard version
Epoch: [70 | 120] | Train Time: 109.00 s | Natural Test Acc 0.8309 | PGD10 Test Acc 0.5106 | Noise Rate 0.1146 | Valid Acc 0.5040

setting parameters for standard version
setting parameters for standard version
Epoch: [71 | 120] | Train Time: 108.00 s | Natural Test Acc 0.8276 | PGD10 Test Acc 0.5082 | Noise Rate 0.1203 | Valid Acc 0.5130

setting parameters for standard version
setting parameters for standard version
Epoch: [72 | 120] | Train Time: 108.00 s | Natural Test Acc 0.8325 | PGD10 Test Acc 0.5188 | Noise Rate 0.1263 | Valid Acc 0.4990

setting parameters for standard version
setting parameters for standard version
Epoch: [73 | 120] | Train Time: 108.00 s | Natural Test Acc 0.8258 | PGD10 Test Acc 0.5023 | Noise Rate 0.1327 | Valid Acc 0.5000

setting parameters for standard version
setting parameters for standard version
Epoch: [74 | 120] | Train Time: 108.00 s | Natural Test Acc 0.8294 | PGD10 Test Acc 0.5082 | Noise Rate 0.1393 | Valid Acc 0.5020

setting parameters for standard version
setting parameters for standard version
Epoch: [75 | 120] | Train Time: 108.00 s | Natural Test Acc 0.8295 | PGD10 Test Acc 0.5051 | Noise Rate 0.1463 | Valid Acc 0.4920

setting parameters for standard version
setting parameters for standard version
Epoch: [76 | 120] | Train Time: 108.00 s | Natural Test Acc 0.8299 | PGD10 Test Acc 0.5048 | Noise Rate 0.1536 | Valid Acc 0.5010

setting parameters for standard version
setting parameters for standard version
Epoch: [77 | 120] | Train Time: 108.00 s | Natural Test Acc 0.8313 | PGD10 Test Acc 0.4994 | Noise Rate 0.1613 | Valid Acc 0.4900

setting parameters for standard version
setting parameters for standard version
Epoch: [78 | 120] | Train Time: 108.00 s | Natural Test Acc 0.8325 | PGD10 Test Acc 0.5028 | Noise Rate 0.1693 | Valid Acc 0.4960

setting parameters for standard version
setting parameters for standard version
Epoch: [79 | 120] | Train Time: 108.00 s | Natural Test Acc 0.8251 | PGD10 Test Acc 0.4997 | Noise Rate 0.1778 | Valid Acc 0.4950

setting parameters for standard version
setting parameters for standard version
Epoch: [80 | 120] | Train Time: 108.00 s | Natural Test Acc 0.8318 | PGD10 Test Acc 0.5009 | Noise Rate 0.1867 | Valid Acc 0.5000

setting parameters for standard version
setting parameters for standard version
Epoch: [81 | 120] | Train Time: 108.00 s | Natural Test Acc 0.8247 | PGD10 Test Acc 0.4876 | Noise Rate 0.1960 | Valid Acc 0.4860

setting parameters for standard version
setting parameters for standard version
Epoch: [82 | 120] | Train Time: 109.00 s | Natural Test Acc 0.8317 | PGD10 Test Acc 0.4970 | Noise Rate 0.2058 | Valid Acc 0.4960

setting parameters for standard version
setting parameters for standard version
Epoch: [83 | 120] | Train Time: 108.00 s | Natural Test Acc 0.8315 | PGD10 Test Acc 0.4898 | Noise Rate 0.2161 | Valid Acc 0.4800

setting parameters for standard version
setting parameters for standard version
Epoch: [84 | 120] | Train Time: 109.00 s | Natural Test Acc 0.8312 | PGD10 Test Acc 0.4896 | Noise Rate 0.2269 | Valid Acc 0.4880

setting parameters for standard version
setting parameters for standard version
Epoch: [85 | 120] | Train Time: 108.00 s | Natural Test Acc 0.8294 | PGD10 Test Acc 0.4849 | Noise Rate 0.2382 | Valid Acc 0.4910

setting parameters for standard version
setting parameters for standard version
Epoch: [86 | 120] | Train Time: 108.00 s | Natural Test Acc 0.8258 | PGD10 Test Acc 0.4993 | Noise Rate 0.2502 | Valid Acc 0.5000

setting parameters for standard version
setting parameters for standard version
Epoch: [87 | 120] | Train Time: 108.00 s | Natural Test Acc 0.8296 | PGD10 Test Acc 0.4852 | Noise Rate 0.2502 | Valid Acc 0.4910

setting parameters for standard version
setting parameters for standard version
Epoch: [88 | 120] | Train Time: 108.00 s | Natural Test Acc 0.8328 | PGD10 Test Acc 0.4823 | Noise Rate 0.2627 | Valid Acc 0.4910

setting parameters for standard version
setting parameters for standard version
Epoch: [89 | 120] | Train Time: 108.00 s | Natural Test Acc 0.8340 | PGD10 Test Acc 0.4902 | Noise Rate 0.2758 | Valid Acc 0.4940

setting parameters for standard version
setting parameters for standard version
Epoch: [90 | 120] | Train Time: 109.00 s | Natural Test Acc 0.8462 | PGD10 Test Acc 0.5049 | Noise Rate 0.2758 | Valid Acc 0.5030

setting parameters for standard version
setting parameters for standard version
Epoch: [91 | 120] | Train Time: 108.00 s | Natural Test Acc 0.8472 | PGD10 Test Acc 0.5019 | Noise Rate 0.2758 | Valid Acc 0.5030

setting parameters for standard version
setting parameters for standard version
Epoch: [92 | 120] | Train Time: 108.00 s | Natural Test Acc 0.8465 | PGD10 Test Acc 0.4972 | Noise Rate 0.2758 | Valid Acc 0.4960

setting parameters for standard version
setting parameters for standard version
Epoch: [93 | 120] | Train Time: 108.00 s | Natural Test Acc 0.8472 | PGD10 Test Acc 0.4986 | Noise Rate 0.2758 | Valid Acc 0.5020

setting parameters for standard version
setting parameters for standard version
Epoch: [94 | 120] | Train Time: 109.00 s | Natural Test Acc 0.8479 | PGD10 Test Acc 0.4939 | Noise Rate 0.2758 | Valid Acc 0.4980

setting parameters for standard version
setting parameters for standard version
Epoch: [95 | 120] | Train Time: 108.00 s | Natural Test Acc 0.8481 | PGD10 Test Acc 0.4964 | Noise Rate 0.2758 | Valid Acc 0.5020

setting parameters for standard version
setting parameters for standard version
Epoch: [96 | 120] | Train Time: 108.00 s | Natural Test Acc 0.8510 | PGD10 Test Acc 0.4914 | Noise Rate 0.2896 | Valid Acc 0.4970

setting parameters for standard version
setting parameters for standard version
Epoch: [97 | 120] | Train Time: 109.00 s | Natural Test Acc 0.8480 | PGD10 Test Acc 0.4914 | Noise Rate 0.2896 | Valid Acc 0.4960

setting parameters for standard version
setting parameters for standard version
Epoch: [98 | 120] | Train Time: 108.00 s | Natural Test Acc 0.8496 | PGD10 Test Acc 0.4934 | Noise Rate 0.2896 | Valid Acc 0.4950

setting parameters for standard version
setting parameters for standard version
Epoch: [99 | 120] | Train Time: 109.00 s | Natural Test Acc 0.8463 | PGD10 Test Acc 0.4882 | Noise Rate 0.2896 | Valid Acc 0.4980

setting parameters for standard version
setting parameters for standard version
Epoch: [100 | 120] | Train Time: 108.00 s | Natural Test Acc 0.8472 | PGD10 Test Acc 0.4892 | Noise Rate 0.3041 | Valid Acc 0.4960

setting parameters for standard version
setting parameters for standard version
Epoch: [101 | 120] | Train Time: 109.00 s | Natural Test Acc 0.8506 | PGD10 Test Acc 0.4832 | Noise Rate 0.3193 | Valid Acc 0.4970

setting parameters for standard version
setting parameters for standard version
Epoch: [102 | 120] | Train Time: 108.00 s | Natural Test Acc 0.8473 | PGD10 Test Acc 0.4869 | Noise Rate 0.3352 | Valid Acc 0.4930

setting parameters for standard version
setting parameters for standard version
Epoch: [103 | 120] | Train Time: 109.00 s | Natural Test Acc 0.8490 | PGD10 Test Acc 0.4838 | Noise Rate 0.3520 | Valid Acc 0.4890

setting parameters for standard version
setting parameters for standard version
Epoch: [104 | 120] | Train Time: 108.00 s | Natural Test Acc 0.8476 | PGD10 Test Acc 0.4821 | Noise Rate 0.3696 | Valid Acc 0.4930

setting parameters for standard version
setting parameters for standard version
Epoch: [105 | 120] | Train Time: 108.00 s | Natural Test Acc 0.8481 | PGD10 Test Acc 0.4791 | Noise Rate 0.3881 | Valid Acc 0.4910

setting parameters for standard version
setting parameters for standard version
Epoch: [106 | 120] | Train Time: 108.00 s | Natural Test Acc 0.8483 | PGD10 Test Acc 0.4827 | Noise Rate 0.4075 | Valid Acc 0.4880

setting parameters for standard version
setting parameters for standard version
Epoch: [107 | 120] | Train Time: 109.00 s | Natural Test Acc 0.8503 | PGD10 Test Acc 0.4803 | Noise Rate 0.4279 | Valid Acc 0.4870

setting parameters for standard version
setting parameters for standard version
Epoch: [108 | 120] | Train Time: 109.00 s | Natural Test Acc 0.8501 | PGD10 Test Acc 0.4833 | Noise Rate 0.4493 | Valid Acc 0.4870

setting parameters for standard version
setting parameters for standard version
Epoch: [109 | 120] | Train Time: 108.00 s | Natural Test Acc 0.8488 | PGD10 Test Acc 0.4804 | Noise Rate 0.4717 | Valid Acc 0.4920

setting parameters for standard version
setting parameters for standard version
Epoch: [110 | 120] | Train Time: 108.00 s | Natural Test Acc 0.8487 | PGD10 Test Acc 0.4800 | Noise Rate 0.4953 | Valid Acc 0.4910

setting parameters for standard version
setting parameters for standard version
Epoch: [111 | 120] | Train Time: 108.00 s | Natural Test Acc 0.8468 | PGD10 Test Acc 0.4781 | Noise Rate 0.5201 | Valid Acc 0.4840

setting parameters for standard version
setting parameters for standard version
Epoch: [112 | 120] | Train Time: 108.00 s | Natural Test Acc 0.8484 | PGD10 Test Acc 0.4803 | Noise Rate 0.5461 | Valid Acc 0.4800

setting parameters for standard version
setting parameters for standard version
Epoch: [113 | 120] | Train Time: 108.00 s | Natural Test Acc 0.8490 | PGD10 Test Acc 0.4765 | Noise Rate 0.5734 | Valid Acc 0.4830

setting parameters for standard version
setting parameters for standard version
Epoch: [114 | 120] | Train Time: 108.00 s | Natural Test Acc 0.8490 | PGD10 Test Acc 0.4755 | Noise Rate 0.6000 | Valid Acc 0.4820

setting parameters for standard version
setting parameters for standard version
Epoch: [115 | 120] | Train Time: 109.00 s | Natural Test Acc 0.8479 | PGD10 Test Acc 0.4719 | Noise Rate 0.6000 | Valid Acc 0.4800

setting parameters for standard version
setting parameters for standard version
Epoch: [116 | 120] | Train Time: 109.00 s | Natural Test Acc 0.8471 | PGD10 Test Acc 0.4709 | Noise Rate 0.6000 | Valid Acc 0.4740

setting parameters for standard version
setting parameters for standard version
Epoch: [117 | 120] | Train Time: 108.00 s | Natural Test Acc 0.8482 | PGD10 Test Acc 0.4697 | Noise Rate 0.6000 | Valid Acc 0.4700

setting parameters for standard version
setting parameters for standard version
Epoch: [118 | 120] | Train Time: 108.00 s | Natural Test Acc 0.8451 | PGD10 Test Acc 0.4678 | Noise Rate 0.6000 | Valid Acc 0.4700

setting parameters for standard version
setting parameters for standard version
Epoch: [119 | 120] | Train Time: 108.00 s | Natural Test Acc 0.8487 | PGD10 Test Acc 0.4707 | Noise Rate 0.6000 | Valid Acc 0.4750

setting parameters for standard version
setting parameters for standard version
Epoch: [120 | 120] | Train Time: 108.00 s | Natural Test Acc 0.8499 | PGD10 Test Acc 0.4673 | Noise Rate 0.6000 | Valid Acc 0.4690

